<?xml version="1.0" encoding="UTF-8"?>
<testng-results ignored="0" total="1" passed="1" failed="0" skipped="0">
  <reporter-output>
  </reporter-output>
  <suite started-at="2022-04-29T22:29:53 EDT" name="Surefire suite" finished-at="2022-04-29T22:29:53 EDT" duration-ms="85">
    <groups>
    </groups>
    <test started-at="2022-04-29T22:29:53 EDT" name="Surefire test" finished-at="2022-04-29T22:29:53 EDT" duration-ms="85">
      <class name="April29.AMy1.AppTest">
        <test-method signature="shouldAnswerWithTrue()" started-at="2022-04-29T22:29:53 EDT" name="shouldAnswerWithTrue" finished-at="2022-04-29T22:29:53 EDT" duration-ms="10" status="PASS">
          <reporter-output>
          </reporter-output>
        </test-method> <!-- shouldAnswerWithTrue -->
      </class> <!-- April29.AMy1.AppTest -->
    </test> <!-- Surefire test -->
  </suite> <!-- Surefire suite -->
</testng-results>
