<?xml version="1.0" encoding="UTF-8"?>
<testng-results ignored="0" total="2" passed="2" failed="0" skipped="0">
  <reporter-output>
  </reporter-output>
  <suite started-at="2022-04-29T22:29:45 EDT" name="Surefire suite" finished-at="2022-04-29T22:29:52 EDT" duration-ms="7266">
    <groups>
    </groups>
    <test started-at="2022-04-29T22:29:45 EDT" name="Surefire test" finished-at="2022-04-29T22:29:52 EDT" duration-ms="7266">
      <class name="April29.AMy1.HomeTest">
        <test-method signature="goal()[pri:0, instance:April29.AMy1.HomeTest@2ea6137]" started-at="2022-04-29T22:29:45 EDT" name="goal" finished-at="2022-04-29T22:29:45 EDT" duration-ms="5" status="PASS">
          <reporter-output>
          </reporter-output>
        </test-method> <!-- goal -->
        <test-method signature="goal2()[pri:0, instance:April29.AMy1.HomeTest@2ea6137]" started-at="2022-04-29T22:29:45 EDT" name="goal2" finished-at="2022-04-29T22:29:52 EDT" duration-ms="7207" status="PASS">
          <reporter-output>
          </reporter-output>
        </test-method> <!-- goal2 -->
      </class> <!-- April29.AMy1.HomeTest -->
    </test> <!-- Surefire test -->
  </suite> <!-- Surefire suite -->
</testng-results>
