<?xml version="1.0" encoding="UTF-8"?>
<testng-results ignored="0" total="2" passed="2" failed="0" skipped="0">
  <reporter-output>
  </reporter-output>
  <suite started-at="2022-04-29T22:13:36 EDT" name="Default suite" finished-at="2022-04-29T22:13:36 EDT" duration-ms="106">
    <groups>
    </groups>
    <test started-at="2022-04-29T22:13:36 EDT" name="Default test" finished-at="2022-04-29T22:13:36 EDT" duration-ms="106">
      <class name="April29.AMy1.HomeTest">
        <test-method signature="goal()[pri:0, instance:April29.AMy1.HomeTest@2f7298b]" started-at="2022-04-29T22:13:36 EDT" name="goal" finished-at="2022-04-29T22:13:36 EDT" duration-ms="18" status="PASS">
          <reporter-output>
          </reporter-output>
        </test-method> <!-- goal -->
        <test-method signature="goal2()[pri:0, instance:April29.AMy1.HomeTest@2f7298b]" started-at="2022-04-29T22:13:36 EDT" name="goal2" finished-at="2022-04-29T22:13:36 EDT" duration-ms="10" status="PASS">
          <reporter-output>
          </reporter-output>
        </test-method> <!-- goal2 -->
      </class> <!-- April29.AMy1.HomeTest -->
    </test> <!-- Default test -->
  </suite> <!-- Default suite -->
</testng-results>
